invoking bashrc
invoking bash_profile
invoking bash_profile
+ set -o pipefail
+ export ECF_PORT=35254
+ ECF_PORT=35254
+ export ECF_HOST=derecho2
+ ECF_HOST=derecho2
+ export ECF_NAME=/cesm2cam6climoLND_2022_08_01/postprocess_family/postprocess_member_02
+ ECF_NAME=/cesm2cam6climoLND_2022_08_01/postprocess_family/postprocess_member_02
+ export ECF_PASS=LS6FUFJ2
+ ECF_PASS=LS6FUFJ2
+ export ECF_TRYNO=1
+ ECF_TRYNO=1
+ export ECF_RID=62830
+ ECF_RID=62830
+ export FCST_HOME=/glade/u/home/ssfcst/cesm2cam6climoLND/CESM2-Realtime-Forecast
+ FCST_HOME=/glade/u/home/ssfcst/cesm2cam6climoLND/CESM2-Realtime-Forecast
+ export FCST_WORK=/glade/work/ssfcst/derecho/cases/cesm2cam6climoLND_2022_08_01
+ FCST_WORK=/glade/work/ssfcst/derecho/cases/cesm2cam6climoLND_2022_08_01
+ export CESM_ROOT=/glade/u/home/ssfcst/cesm2.1.5
+ CESM_ROOT=/glade/u/home/ssfcst/cesm2.1.5
+ export CESM_WORKFLOW=cesm2cam6climoLND
+ CESM_WORKFLOW=cesm2cam6climoLND
+ module load cesmdev/1.0 ncarenv/23.09 ecflow
+ '[' -z '' ']'
+ case "$-" in
+ __lmod_sh_dbg=x
+ '[' -n x ']'
+ set +x
Shell debugging temporarily silenced: export LMOD_SH_DBG_ON=1 for Lmod's output
Shell debugging restarted
+ unset __lmod_sh_dbg
+ return 0
+ module use /glade/u/home/ssfcst/cesm2cam6climoLND/CESM2-Realtime-Forecast/modulefiles
+ '[' -z '' ']'
+ case "$-" in
+ __lmod_sh_dbg=x
+ '[' -n x ']'
+ set +x
Shell debugging temporarily silenced: export LMOD_SH_DBG_ON=1 for Lmod's output
Shell debugging restarted
+ unset __lmod_sh_dbg
+ return 0
+ module load cesm2cam6climoLND
+ '[' -z '' ']'
+ case "$-" in
+ __lmod_sh_dbg=x
+ '[' -n x ']'
+ set +x
Shell debugging temporarily silenced: export LMOD_SH_DBG_ON=1 for Lmod's output
Shell debugging restarted
+ unset __lmod_sh_dbg
+ return 0
+ ecflow_client --init=62830
+ trap ERROR 0
+ trap '{ echo "Killed by a signal"; ERROR ; }' 1 2 3 4 5 6 7 8 10 12 13 15
+ module load intel netcdf ncl nco cesm2cam6climoLND
+ '[' -z '' ']'
+ case "$-" in
+ __lmod_sh_dbg=x
+ '[' -n x ']'
+ set +x
Shell debugging temporarily silenced: export LMOD_SH_DBG_ON=1 for Lmod's output
Shell debugging restarted
+ unset __lmod_sh_dbg
+ return 0
++ echo postprocess_member_02
++ cut -c 20-
+ member=02
+ cd /glade/work/ssfcst/derecho/cases/cesm2cam6climoLND_2022_08_01/cesm2cam6climoLND_2022-08-01.02
+ ./case.st_archive
st_archive starting
moving /glade/derecho/scratch/ssfcst/cesm2cam6climoLND_2022-08-01.00/run.02/ice.log.4590825.desched1.240525-012043.gz to /glade/derecho/scratch/ssfcst/archive/cesm2cam6climoLND_2022-08-01.02/logs/ice.log.4590825.desched1.240525-012043.gz
moving /glade/derecho/scratch/ssfcst/cesm2cam6climoLND_2022-08-01.00/run.02/cpl.log.4590825.desched1.240525-012043.gz to /glade/derecho/scratch/ssfcst/archive/cesm2cam6climoLND_2022-08-01.02/logs/cpl.log.4590825.desched1.240525-012043.gz
moving /glade/derecho/scratch/ssfcst/cesm2cam6climoLND_2022-08-01.00/run.02/lnd.log.4590825.desched1.240525-012043.gz to /glade/derecho/scratch/ssfcst/archive/cesm2cam6climoLND_2022-08-01.02/logs/lnd.log.4590825.desched1.240525-012043.gz
moving /glade/derecho/scratch/ssfcst/cesm2cam6climoLND_2022-08-01.00/run.02/wav.log.4590825.desched1.240525-012043.gz to /glade/derecho/scratch/ssfcst/archive/cesm2cam6climoLND_2022-08-01.02/logs/wav.log.4590825.desched1.240525-012043.gz
moving /glade/derecho/scratch/ssfcst/cesm2cam6climoLND_2022-08-01.00/run.02/glc.log.4590825.desched1.240525-012043.gz to /glade/derecho/scratch/ssfcst/archive/cesm2cam6climoLND_2022-08-01.02/logs/glc.log.4590825.desched1.240525-012043.gz
moving /glade/derecho/scratch/ssfcst/cesm2cam6climoLND_2022-08-01.00/run.02/ocn.log.4590825.desched1.240525-012043.gz to /glade/derecho/scratch/ssfcst/archive/cesm2cam6climoLND_2022-08-01.02/logs/ocn.log.4590825.desched1.240525-012043.gz
moving /glade/derecho/scratch/ssfcst/cesm2cam6climoLND_2022-08-01.00/run.02/atm.log.4590825.desched1.240525-012043.gz to /glade/derecho/scratch/ssfcst/archive/cesm2cam6climoLND_2022-08-01.02/logs/atm.log.4590825.desched1.240525-012043.gz
moving /glade/derecho/scratch/ssfcst/cesm2cam6climoLND_2022-08-01.00/run.02/rof.log.4590825.desched1.240525-012043.gz to /glade/derecho/scratch/ssfcst/archive/cesm2cam6climoLND_2022-08-01.02/logs/rof.log.4590825.desched1.240525-012043.gz
moving /glade/derecho/scratch/ssfcst/cesm2cam6climoLND_2022-08-01.00/run.02/cesm.log.4590825.desched1.240525-012043.gz to /glade/derecho/scratch/ssfcst/archive/cesm2cam6climoLND_2022-08-01.02/logs/cesm.log.4590825.desched1.240525-012043.gz
Cannot find a cesm2cam6climoLND_2022-08-01.02.cpl*.r.*.nc file in directory /glade/derecho/scratch/ssfcst/cesm2cam6climoLND_2022-08-01.00/run.02 
Archiving history files for cam (atm)
moving /glade/derecho/scratch/ssfcst/cesm2cam6climoLND_2022-08-01.00/run.02/cesm2cam6climoLND_2022-08-01.02.cam.h3.2022-08-01-00000.nc to /glade/derecho/scratch/ssfcst/archive/cesm2cam6climoLND_2022-08-01.02/atm/hist/cesm2cam6climoLND_2022-08-01.02.cam.h3.2022-08-01-00000.nc 
moving /glade/derecho/scratch/ssfcst/cesm2cam6climoLND_2022-08-01.00/run.02/cesm2cam6climoLND_2022-08-01.02.cam.h1.2022-08-01-00000.nc to /glade/derecho/scratch/ssfcst/archive/cesm2cam6climoLND_2022-08-01.02/atm/hist/cesm2cam6climoLND_2022-08-01.02.cam.h1.2022-08-01-00000.nc 
moving /glade/derecho/scratch/ssfcst/cesm2cam6climoLND_2022-08-01.00/run.02/cesm2cam6climoLND_2022-08-01.02.cam.h4.2022-08-01-00000.nc to /glade/derecho/scratch/ssfcst/archive/cesm2cam6climoLND_2022-08-01.02/atm/hist/cesm2cam6climoLND_2022-08-01.02.cam.h4.2022-08-01-00000.nc 
moving /glade/derecho/scratch/ssfcst/cesm2cam6climoLND_2022-08-01.00/run.02/cesm2cam6climoLND_2022-08-01.02.cam.h2.2022-08-01-00000.nc to /glade/derecho/scratch/ssfcst/archive/cesm2cam6climoLND_2022-08-01.02/atm/hist/cesm2cam6climoLND_2022-08-01.02.cam.h2.2022-08-01-00000.nc 
Archiving history files for clm (lnd)
moving /glade/derecho/scratch/ssfcst/cesm2cam6climoLND_2022-08-01.00/run.02/cesm2cam6climoLND_2022-08-01.02.clm2.h0.2022-08-01-00000.nc to /glade/derecho/scratch/ssfcst/archive/cesm2cam6climoLND_2022-08-01.02/lnd/hist/cesm2cam6climoLND_2022-08-01.02.clm2.h0.2022-08-01-00000.nc 
Archiving history files for cice (ice)
moving /glade/derecho/scratch/ssfcst/cesm2cam6climoLND_2022-08-01.00/run.02/cesm2cam6climoLND_2022-08-01.02.cice.h.2022-08-29.nc to /glade/derecho/scratch/ssfcst/archive/cesm2cam6climoLND_2022-08-01.02/ice/hist/cesm2cam6climoLND_2022-08-01.02.cice.h.2022-08-29.nc 
moving /glade/derecho/scratch/ssfcst/cesm2cam6climoLND_2022-08-01.00/run.02/cesm2cam6climoLND_2022-08-01.02.cice.h.2022-08-19.nc to /glade/derecho/scratch/ssfcst/archive/cesm2cam6climoLND_2022-08-01.02/ice/hist/cesm2cam6climoLND_2022-08-01.02.cice.h.2022-08-19.nc 
moving /glade/derecho/scratch/ssfcst/cesm2cam6climoLND_2022-08-01.00/run.02/cesm2cam6climoLND_2022-08-01.02.cice.h.2022-09-03.nc to /glade/derecho/scratch/ssfcst/archive/cesm2cam6climoLND_2022-08-01.02/ice/hist/cesm2cam6climoLND_2022-08-01.02.cice.h.2022-09-03.nc 
moving /glade/derecho/scratch/ssfcst/cesm2cam6climoLND_2022-08-01.00/run.02/cesm2cam6climoLND_2022-08-01.02.cice.h.2022-09-11.nc to /glade/derecho/scratch/ssfcst/archive/cesm2cam6climoLND_2022-08-01.02/ice/hist/cesm2cam6climoLND_2022-08-01.02.cice.h.2022-09-11.nc 
moving /glade/derecho/scratch/ssfcst/cesm2cam6climoLND_2022-08-01.00/run.02/cesm2cam6climoLND_2022-08-01.02.cice.h.2022-08-17.nc to /glade/derecho/scratch/ssfcst/archive/cesm2cam6climoLND_2022-08-01.02/ice/hist/cesm2cam6climoLND_2022-08-01.02.cice.h.2022-08-17.nc 
moving /glade/derecho/scratch/ssfcst/cesm2cam6climoLND_2022-08-01.00/run.02/cesm2cam6climoLND_2022-08-01.02.cice.h.2022-08-11.nc to /glade/derecho/scratch/ssfcst/archive/cesm2cam6climoLND_2022-08-01.02/ice/hist/cesm2cam6climoLND_2022-08-01.02.cice.h.2022-08-11.nc 
moving /glade/derecho/scratch/ssfcst/cesm2cam6climoLND_2022-08-01.00/run.02/cesm2cam6climoLND_2022-08-01.02.cice.h.2022-08-15.nc to /glade/derecho/scratch/ssfcst/archive/cesm2cam6climoLND_2022-08-01.02/ice/hist/cesm2cam6climoLND_2022-08-01.02.cice.h.2022-08-15.nc 
moving /glade/derecho/scratch/ssfcst/cesm2cam6climoLND_2022-08-01.00/run.02/cesm2cam6climoLND_2022-08-01.02.cice.h.2022-08-28.nc to /glade/derecho/scratch/ssfcst/archive/cesm2cam6climoLND_2022-08-01.02/ice/hist/cesm2cam6climoLND_2022-08-01.02.cice.h.2022-08-28.nc 
moving /glade/derecho/scratch/ssfcst/cesm2cam6climoLND_2022-08-01.00/run.02/cesm2cam6climoLND_2022-08-01.02.cice.h.2022-09-13.nc to /glade/derecho/scratch/ssfcst/archive/cesm2cam6climoLND_2022-08-01.02/ice/hist/cesm2cam6climoLND_2022-08-01.02.cice.h.2022-09-13.nc 
moving /glade/derecho/scratch/ssfcst/cesm2cam6climoLND_2022-08-01.00/run.02/cesm2cam6climoLND_2022-08-01.02.cice.h.2022-08-25.nc to /glade/derecho/scratch/ssfcst/archive/cesm2cam6climoLND_2022-08-01.02/ice/hist/cesm2cam6climoLND_2022-08-01.02.cice.h.2022-08-25.nc 
moving /glade/derecho/scratch/ssfcst/cesm2cam6climoLND_2022-08-01.00/run.02/cesm2cam6climoLND_2022-08-01.02.cice.h.2022-09-04.nc to /glade/derecho/scratch/ssfcst/archive/cesm2cam6climoLND_2022-08-01.02/ice/hist/cesm2cam6climoLND_2022-08-01.02.cice.h.2022-09-04.nc 
moving /glade/derecho/scratch/ssfcst/cesm2cam6climoLND_2022-08-01.00/run.02/cesm2cam6climoLND_2022-08-01.02.cice.h.2022-08-05.nc to /glade/derecho/scratch/ssfcst/archive/cesm2cam6climoLND_2022-08-01.02/ice/hist/cesm2cam6climoLND_2022-08-01.02.cice.h.2022-08-05.nc 
moving /glade/derecho/scratch/ssfcst/cesm2cam6climoLND_2022-08-01.00/run.02/cesm2cam6climoLND_2022-08-01.02.cice.h.2022-09-05.nc to /glade/derecho/scratch/ssfcst/archive/cesm2cam6climoLND_2022-08-01.02/ice/hist/cesm2cam6climoLND_2022-08-01.02.cice.h.2022-09-05.nc 
moving /glade/derecho/scratch/ssfcst/cesm2cam6climoLND_2022-08-01.00/run.02/cesm2cam6climoLND_2022-08-01.02.cice.h.2022-08-23.nc to /glade/derecho/scratch/ssfcst/archive/cesm2cam6climoLND_2022-08-01.02/ice/hist/cesm2cam6climoLND_2022-08-01.02.cice.h.2022-08-23.nc 
moving /glade/derecho/scratch/ssfcst/cesm2cam6climoLND_2022-08-01.00/run.02/cesm2cam6climoLND_2022-08-01.02.cice.h.2022-08-31.nc to /glade/derecho/scratch/ssfcst/archive/cesm2cam6climoLND_2022-08-01.02/ice/hist/cesm2cam6climoLND_2022-08-01.02.cice.h.2022-08-31.nc 
moving /glade/derecho/scratch/ssfcst/cesm2cam6climoLND_2022-08-01.00/run.02/cesm2cam6climoLND_2022-08-01.02.cice.h.2022-09-01.nc to /glade/derecho/scratch/ssfcst/archive/cesm2cam6climoLND_2022-08-01.02/ice/hist/cesm2cam6climoLND_2022-08-01.02.cice.h.2022-09-01.nc 
moving /glade/derecho/scratch/ssfcst/cesm2cam6climoLND_2022-08-01.00/run.02/cesm2cam6climoLND_2022-08-01.02.cice.h.2022-09-10.nc to /glade/derecho/scratch/ssfcst/archive/cesm2cam6climoLND_2022-08-01.02/ice/hist/cesm2cam6climoLND_2022-08-01.02.cice.h.2022-09-10.nc 
moving /glade/derecho/scratch/ssfcst/cesm2cam6climoLND_2022-08-01.00/run.02/cesm2cam6climoLND_2022-08-01.02.cice.h.2022-09-02.nc to /glade/derecho/scratch/ssfcst/archive/cesm2cam6climoLND_2022-08-01.02/ice/hist/cesm2cam6climoLND_2022-08-01.02.cice.h.2022-09-02.nc 
moving /glade/derecho/scratch/ssfcst/cesm2cam6climoLND_2022-08-01.00/run.02/cesm2cam6climoLND_2022-08-01.02.cice.h.2022-08-06.nc to /glade/derecho/scratch/ssfcst/archive/cesm2cam6climoLND_2022-08-01.02/ice/hist/cesm2cam6climoLND_2022-08-01.02.cice.h.2022-08-06.nc 
moving /glade/derecho/scratch/ssfcst/cesm2cam6climoLND_2022-08-01.00/run.02/cesm2cam6climoLND_2022-08-01.02.cice.h.2022-08-08.nc to /glade/derecho/scratch/ssfcst/archive/cesm2cam6climoLND_2022-08-01.02/ice/hist/cesm2cam6climoLND_2022-08-01.02.cice.h.2022-08-08.nc 
moving /glade/derecho/scratch/ssfcst/cesm2cam6climoLND_2022-08-01.00/run.02/cesm2cam6climoLND_2022-08-01.02.cice.h.2022-08-16.nc to /glade/derecho/scratch/ssfcst/archive/cesm2cam6climoLND_2022-08-01.02/ice/hist/cesm2cam6climoLND_2022-08-01.02.cice.h.2022-08-16.nc 
moving /glade/derecho/scratch/ssfcst/cesm2cam6climoLND_2022-08-01.00/run.02/cesm2cam6climoLND_2022-08-01.02.cice.h.2022-08-26.nc to /glade/derecho/scratch/ssfcst/archive/cesm2cam6climoLND_2022-08-01.02/ice/hist/cesm2cam6climoLND_2022-08-01.02.cice.h.2022-08-26.nc 
moving /glade/derecho/scratch/ssfcst/cesm2cam6climoLND_2022-08-01.00/run.02/cesm2cam6climoLND_2022-08-01.02.cice.h.2022-08-12.nc to /glade/derecho/scratch/ssfcst/archive/cesm2cam6climoLND_2022-08-01.02/ice/hist/cesm2cam6climoLND_2022-08-01.02.cice.h.2022-08-12.nc 
moving /glade/derecho/scratch/ssfcst/cesm2cam6climoLND_2022-08-01.00/run.02/cesm2cam6climoLND_2022-08-01.02.cice.h.2022-09-06.nc to /glade/derecho/scratch/ssfcst/archive/cesm2cam6climoLND_2022-08-01.02/ice/hist/cesm2cam6climoLND_2022-08-01.02.cice.h.2022-09-06.nc 
moving /glade/derecho/scratch/ssfcst/cesm2cam6climoLND_2022-08-01.00/run.02/cesm2cam6climoLND_2022-08-01.02.cice.h.2022-08-09.nc to /glade/derecho/scratch/ssfcst/archive/cesm2cam6climoLND_2022-08-01.02/ice/hist/cesm2cam6climoLND_2022-08-01.02.cice.h.2022-08-09.nc 
moving /glade/derecho/scratch/ssfcst/cesm2cam6climoLND_2022-08-01.00/run.02/cesm2cam6climoLND_2022-08-01.02.cice.h.2022-08-02.nc to /glade/derecho/scratch/ssfcst/archive/cesm2cam6climoLND_2022-08-01.02/ice/hist/cesm2cam6climoLND_2022-08-01.02.cice.h.2022-08-02.nc 
moving /glade/derecho/scratch/ssfcst/cesm2cam6climoLND_2022-08-01.00/run.02/cesm2cam6climoLND_2022-08-01.02.cice.h.2022-08-22.nc to /glade/derecho/scratch/ssfcst/archive/cesm2cam6climoLND_2022-08-01.02/ice/hist/cesm2cam6climoLND_2022-08-01.02.cice.h.2022-08-22.nc 
moving /glade/derecho/scratch/ssfcst/cesm2cam6climoLND_2022-08-01.00/run.02/cesm2cam6climoLND_2022-08-01.02.cice.h.2022-08-03.nc to /glade/derecho/scratch/ssfcst/archive/cesm2cam6climoLND_2022-08-01.02/ice/hist/cesm2cam6climoLND_2022-08-01.02.cice.h.2022-08-03.nc 
moving /glade/derecho/scratch/ssfcst/cesm2cam6climoLND_2022-08-01.00/run.02/cesm2cam6climoLND_2022-08-01.02.cice.h.2022-08-10.nc to /glade/derecho/scratch/ssfcst/archive/cesm2cam6climoLND_2022-08-01.02/ice/hist/cesm2cam6climoLND_2022-08-01.02.cice.h.2022-08-10.nc 
moving /glade/derecho/scratch/ssfcst/cesm2cam6climoLND_2022-08-01.00/run.02/cesm2cam6climoLND_2022-08-01.02.cice.h.2022-08-27.nc to /glade/derecho/scratch/ssfcst/archive/cesm2cam6climoLND_2022-08-01.02/ice/hist/cesm2cam6climoLND_2022-08-01.02.cice.h.2022-08-27.nc 
moving /glade/derecho/scratch/ssfcst/cesm2cam6climoLND_2022-08-01.00/run.02/cesm2cam6climoLND_2022-08-01.02.cice.h.2022-09-12.nc to /glade/derecho/scratch/ssfcst/archive/cesm2cam6climoLND_2022-08-01.02/ice/hist/cesm2cam6climoLND_2022-08-01.02.cice.h.2022-09-12.nc 
moving /glade/derecho/scratch/ssfcst/cesm2cam6climoLND_2022-08-01.00/run.02/cesm2cam6climoLND_2022-08-01.02.cice.h.2022-08-14.nc to /glade/derecho/scratch/ssfcst/archive/cesm2cam6climoLND_2022-08-01.02/ice/hist/cesm2cam6climoLND_2022-08-01.02.cice.h.2022-08-14.nc 
moving /glade/derecho/scratch/ssfcst/cesm2cam6climoLND_2022-08-01.00/run.02/cesm2cam6climoLND_2022-08-01.02.cice.h.2022-08-04.nc to /glade/derecho/scratch/ssfcst/archive/cesm2cam6climoLND_2022-08-01.02/ice/hist/cesm2cam6climoLND_2022-08-01.02.cice.h.2022-08-04.nc 
moving /glade/derecho/scratch/ssfcst/cesm2cam6climoLND_2022-08-01.00/run.02/cesm2cam6climoLND_2022-08-01.02.cice.h.2022-08-30.nc to /glade/derecho/scratch/ssfcst/archive/cesm2cam6climoLND_2022-08-01.02/ice/hist/cesm2cam6climoLND_2022-08-01.02.cice.h.2022-08-30.nc 
moving /glade/derecho/scratch/ssfcst/cesm2cam6climoLND_2022-08-01.00/run.02/cesm2cam6climoLND_2022-08-01.02.cice.h.2022-08-24.nc to /glade/derecho/scratch/ssfcst/archive/cesm2cam6climoLND_2022-08-01.02/ice/hist/cesm2cam6climoLND_2022-08-01.02.cice.h.2022-08-24.nc 
moving /glade/derecho/scratch/ssfcst/cesm2cam6climoLND_2022-08-01.00/run.02/cesm2cam6climoLND_2022-08-01.02.cice.h.2022-08-13.nc to /glade/derecho/scratch/ssfcst/archive/cesm2cam6climoLND_2022-08-01.02/ice/hist/cesm2cam6climoLND_2022-08-01.02.cice.h.2022-08-13.nc 
moving /glade/derecho/scratch/ssfcst/cesm2cam6climoLND_2022-08-01.00/run.02/cesm2cam6climoLND_2022-08-01.02.cice.h.2022-09-08.nc to /glade/derecho/scratch/ssfcst/archive/cesm2cam6climoLND_2022-08-01.02/ice/hist/cesm2cam6climoLND_2022-08-01.02.cice.h.2022-09-08.nc 
moving /glade/derecho/scratch/ssfcst/cesm2cam6climoLND_2022-08-01.00/run.02/cesm2cam6climoLND_2022-08-01.02.cice.h.2022-09-14.nc to /glade/derecho/scratch/ssfcst/archive/cesm2cam6climoLND_2022-08-01.02/ice/hist/cesm2cam6climoLND_2022-08-01.02.cice.h.2022-09-14.nc 
moving /glade/derecho/scratch/ssfcst/cesm2cam6climoLND_2022-08-01.00/run.02/cesm2cam6climoLND_2022-08-01.02.cice.h.2022-09-07.nc to /glade/derecho/scratch/ssfcst/archive/cesm2cam6climoLND_2022-08-01.02/ice/hist/cesm2cam6climoLND_2022-08-01.02.cice.h.2022-09-07.nc 
moving /glade/derecho/scratch/ssfcst/cesm2cam6climoLND_2022-08-01.00/run.02/cesm2cam6climoLND_2022-08-01.02.cice.h.2022-08-07.nc to /glade/derecho/scratch/ssfcst/archive/cesm2cam6climoLND_2022-08-01.02/ice/hist/cesm2cam6climoLND_2022-08-01.02.cice.h.2022-08-07.nc 
moving /glade/derecho/scratch/ssfcst/cesm2cam6climoLND_2022-08-01.00/run.02/cesm2cam6climoLND_2022-08-01.02.cice.h.2022-08-21.nc to /glade/derecho/scratch/ssfcst/archive/cesm2cam6climoLND_2022-08-01.02/ice/hist/cesm2cam6climoLND_2022-08-01.02.cice.h.2022-08-21.nc 
moving /glade/derecho/scratch/ssfcst/cesm2cam6climoLND_2022-08-01.00/run.02/cesm2cam6climoLND_2022-08-01.02.cice.h.2022-08-18.nc to /glade/derecho/scratch/ssfcst/archive/cesm2cam6climoLND_2022-08-01.02/ice/hist/cesm2cam6climoLND_2022-08-01.02.cice.h.2022-08-18.nc 
moving /glade/derecho/scratch/ssfcst/cesm2cam6climoLND_2022-08-01.00/run.02/cesm2cam6climoLND_2022-08-01.02.cice.h.2022-08-01.nc to /glade/derecho/scratch/ssfcst/archive/cesm2cam6climoLND_2022-08-01.02/ice/hist/cesm2cam6climoLND_2022-08-01.02.cice.h.2022-08-01.nc 
moving /glade/derecho/scratch/ssfcst/cesm2cam6climoLND_2022-08-01.00/run.02/cesm2cam6climoLND_2022-08-01.02.cice.h.2022-09-09.nc to /glade/derecho/scratch/ssfcst/archive/cesm2cam6climoLND_2022-08-01.02/ice/hist/cesm2cam6climoLND_2022-08-01.02.cice.h.2022-09-09.nc 
moving /glade/derecho/scratch/ssfcst/cesm2cam6climoLND_2022-08-01.00/run.02/cesm2cam6climoLND_2022-08-01.02.cice.h.2022-08-20.nc to /glade/derecho/scratch/ssfcst/archive/cesm2cam6climoLND_2022-08-01.02/ice/hist/cesm2cam6climoLND_2022-08-01.02.cice.h.2022-08-20.nc 
Archiving history files for pop (ocn)
moving /glade/derecho/scratch/ssfcst/cesm2cam6climoLND_2022-08-01.00/run.02/cesm2cam6climoLND_2022-08-01.02.pop.hv.nc to /glade/derecho/scratch/ssfcst/archive/cesm2cam6climoLND_2022-08-01.02/ocn/hist/cesm2cam6climoLND_2022-08-01.02.pop.hv.nc 
moving /glade/derecho/scratch/ssfcst/cesm2cam6climoLND_2022-08-01.00/run.02/cesm2cam6climoLND_2022-08-01.02.pop.h.2022-08-01.nc to /glade/derecho/scratch/ssfcst/archive/cesm2cam6climoLND_2022-08-01.02/ocn/hist/cesm2cam6climoLND_2022-08-01.02.pop.h.2022-08-01.nc 
moving /glade/derecho/scratch/ssfcst/cesm2cam6climoLND_2022-08-01.00/run.02/cesm2cam6climoLND_2022-08-01.02.pop.dv.2022-08-01-03600 to /glade/derecho/scratch/ssfcst/archive/cesm2cam6climoLND_2022-08-01.02/ocn/hist/cesm2cam6climoLND_2022-08-01.02.pop.dv.2022-08-01-03600 
moving /glade/derecho/scratch/ssfcst/cesm2cam6climoLND_2022-08-01.00/run.02/cesm2cam6climoLND_2022-08-01.02.pop.do.2022-08-01-03600 to /glade/derecho/scratch/ssfcst/archive/cesm2cam6climoLND_2022-08-01.02/ocn/hist/cesm2cam6climoLND_2022-08-01.02.pop.do.2022-08-01-03600 
moving /glade/derecho/scratch/ssfcst/cesm2cam6climoLND_2022-08-01.00/run.02/cesm2cam6climoLND_2022-08-01.02.pop.dt.2022-08-01-03600 to /glade/derecho/scratch/ssfcst/archive/cesm2cam6climoLND_2022-08-01.02/ocn/hist/cesm2cam6climoLND_2022-08-01.02.pop.dt.2022-08-01-03600 
moving /glade/derecho/scratch/ssfcst/cesm2cam6climoLND_2022-08-01.00/run.02/cesm2cam6climoLND_2022-08-01.02.pop.dd.2022-08-01-03600 to /glade/derecho/scratch/ssfcst/archive/cesm2cam6climoLND_2022-08-01.02/ocn/hist/cesm2cam6climoLND_2022-08-01.02.pop.dd.2022-08-01-03600 
Archiving history files for mosart (rof)
moving /glade/derecho/scratch/ssfcst/cesm2cam6climoLND_2022-08-01.00/run.02/cesm2cam6climoLND_2022-08-01.02.mosart.h0.2022-08.nc to /glade/derecho/scratch/ssfcst/archive/cesm2cam6climoLND_2022-08-01.02/rof/hist/cesm2cam6climoLND_2022-08-01.02.mosart.h0.2022-08.nc 
Archiving history files for cism (glc)
moving /glade/derecho/scratch/ssfcst/cesm2cam6climoLND_2022-08-01.00/run.02/cesm2cam6climoLND_2022-08-01.02.cism.initial_hist.2022-08-01-00000.nc to /glade/derecho/scratch/ssfcst/archive/cesm2cam6climoLND_2022-08-01.02/glc/hist/cesm2cam6climoLND_2022-08-01.02.cism.initial_hist.2022-08-01-00000.nc 
Archiving history files for ww3 (wav)
Archiving history files for drv (cpl)
Archiving history files for dart (esp)
st_archive completed
+ echo /glade/u/home/ssfcst/cesm2cam6climoLND/CESM2-Realtime-Forecast
/glade/u/home/ssfcst/cesm2cam6climoLND/CESM2-Realtime-Forecast
+ /glade/u/home/ssfcst/cesm2cam6climoLND/CESM2-Realtime-Forecast/bin/postprocess.py --member 02 --date 2022-08-01
Running for members 2 to 2
Running postprocessing for member 2 on date 2022-08-01
(0)	Completed file: /glade/derecho/scratch/ssfcst/cesm2cam6climoLND/p3/ta_100/2022/08/ta_100_cesm2cam6climoLND_01aug2022_00z_d01_d46_m02.nc
(0)	Completed file: /glade/derecho/scratch/ssfcst/cesm2cam6climoLND/p3/ta_10/2022/08/ta_10_cesm2cam6climoLND_01aug2022_00z_d01_d46_m02.nc
(0)	Completed file: /glade/derecho/scratch/ssfcst/cesm2cam6climoLND/p3/ta_30/2022/08/ta_30_cesm2cam6climoLND_01aug2022_00z_d01_d46_m02.nc
(0)	Completed file: /glade/derecho/scratch/ssfcst/cesm2cam6climoLND/p3/ta_50/2022/08/ta_50_cesm2cam6climoLND_01aug2022_00z_d01_d46_m02.nc
(0)	Completed file: /glade/derecho/scratch/ssfcst/cesm2cam6climoLND/p3/ua_10/2022/08/ua_10_cesm2cam6climoLND_01aug2022_00z_d01_d46_m02.nc
(0)	Completed file: /glade/derecho/scratch/ssfcst/cesm2cam6climoLND/p3/va_10/2022/08/va_10_cesm2cam6climoLND_01aug2022_00z_d01_d46_m02.nc
(0)	Completed file: /glade/derecho/scratch/ssfcst/cesm2cam6climoLND/p3/ua_30/2022/08/ua_30_cesm2cam6climoLND_01aug2022_00z_d01_d46_m02.nc
(0)	Completed file: /glade/derecho/scratch/ssfcst/cesm2cam6climoLND/p3/va_30/2022/08/va_30_cesm2cam6climoLND_01aug2022_00z_d01_d46_m02.nc
(0)	Completed file: /glade/derecho/scratch/ssfcst/cesm2cam6climoLND/p3/ua_50/2022/08/ua_50_cesm2cam6climoLND_01aug2022_00z_d01_d46_m02.nc
(0)	Completed file: /glade/derecho/scratch/ssfcst/cesm2cam6climoLND/p3/va_50/2022/08/va_50_cesm2cam6climoLND_01aug2022_00z_d01_d46_m02.nc
(0)	Completed file: /glade/derecho/scratch/ssfcst/cesm2cam6climoLND/p3/zg_10/2022/08/zg_10_cesm2cam6climoLND_01aug2022_00z_d01_d46_m02.nc
(0)	Completed file: /glade/derecho/scratch/ssfcst/cesm2cam6climoLND/p3/zg_30/2022/08/zg_30_cesm2cam6climoLND_01aug2022_00z_d01_d46_m02.nc
(0)	Completed file: /glade/derecho/scratch/ssfcst/cesm2cam6climoLND/p3/zg_50/2022/08/zg_50_cesm2cam6climoLND_01aug2022_00z_d01_d46_m02.nc
(0)	Completed file: /glade/derecho/scratch/ssfcst/cesm2cam6climoLND/p3/zg_850/2022/08/zg_850_cesm2cam6climoLND_01aug2022_00z_d01_d46_m02.nc
(0)	Completed file: /glade/derecho/scratch/ssfcst/cesm2cam6climoLND/p1/rlut/2022/08/rlut_cesm2cam6climoLND_01aug2022_00z_d01_d46_m02.nc
(0)	Completed file: /glade/derecho/scratch/ssfcst/cesm2cam6climoLND/p1/pr_sfc/2022/08/pr_sfc_cesm2cam6climoLND_01aug2022_00z_d01_d46_m02.nc
(0)	Completed file: /glade/derecho/scratch/ssfcst/cesm2cam6climoLND/p1/tas_2m/2022/08/tas_2m_cesm2cam6climoLND_01aug2022_00z_d01_d46_m02.nc
(0)	Completed file: /glade/derecho/scratch/ssfcst/cesm2cam6climoLND/p1/ts/2022/08/ts_cesm2cam6climoLND_01aug2022_00z_d01_d46_m02.nc
(0)	Completed file: /glade/derecho/scratch/ssfcst/cesm2cam6climoLND/p1/ua_200/2022/08/ua_200_cesm2cam6climoLND_01aug2022_00z_d01_d46_m02.nc
(0)	Completed file: /glade/derecho/scratch/ssfcst/cesm2cam6climoLND/p1/ua_850/2022/08/ua_850_cesm2cam6climoLND_01aug2022_00z_d01_d46_m02.nc
(0)	Completed file: /glade/derecho/scratch/ssfcst/cesm2cam6climoLND/p1/va_200/2022/08/va_200_cesm2cam6climoLND_01aug2022_00z_d01_d46_m02.nc
(0)	Completed file: /glade/derecho/scratch/ssfcst/cesm2cam6climoLND/p1/va_850/2022/08/va_850_cesm2cam6climoLND_01aug2022_00z_d01_d46_m02.nc
(0)	Completed file: /glade/derecho/scratch/ssfcst/cesm2cam6climoLND/p1/zg_200/2022/08/zg_200_cesm2cam6climoLND_01aug2022_00z_d01_d46_m02.nc
(0)	Completed file: /glade/derecho/scratch/ssfcst/cesm2cam6climoLND/p1/zg_500/2022/08/zg_500_cesm2cam6climoLND_01aug2022_00z_d01_d46_m02.nc
(0)	Completed file: /glade/derecho/scratch/ssfcst/cesm2cam6climoLND/p2/huss_850/2022/08/huss_850_cesm2cam6climoLND_01aug2022_00z_d01_d46_m02.nc
(0)	Completed file: /glade/derecho/scratch/ssfcst/cesm2cam6climoLND/p2/tasmax_2m/2022/08/tasmax_2m_cesm2cam6climoLND_01aug2022_00z_d01_d46_m02.nc
(0)	Completed file: /glade/derecho/scratch/ssfcst/cesm2cam6climoLND/p2/tasmin_2m/2022/08/tasmin_2m_cesm2cam6climoLND_01aug2022_00z_d01_d46_m02.nc
(0)	Completed file: /glade/derecho/scratch/ssfcst/cesm2cam6climoLND/p2/hfss_sfc/2022/08/hfss_sfc_cesm2cam6climoLND_01aug2022_00z_d01_d46_m02.nc
(0)	Completed file: /glade/derecho/scratch/ssfcst/cesm2cam6climoLND/p2/hfls_sfc/2022/08/hfls_sfc_cesm2cam6climoLND_01aug2022_00z_d01_d46_m02.nc
(0)	Completed file: /glade/derecho/scratch/ssfcst/cesm2cam6climoLND/p2/stx_sfc/2022/08/stx_sfc_cesm2cam6climoLND_01aug2022_00z_d01_d46_m02.nc
(0)	Completed file: /glade/derecho/scratch/ssfcst/cesm2cam6climoLND/p2/sty_sfc/2022/08/sty_sfc_cesm2cam6climoLND_01aug2022_00z_d01_d46_m02.nc
(0)	Completed file: /glade/derecho/scratch/ssfcst/cesm2cam6climoLND/p2/rad_sfc/2022/08/rad_sfc_cesm2cam6climoLND_01aug2022_00z_d01_d46_m02.nc
(0)	Completed file: /glade/derecho/scratch/ssfcst/cesm2cam6climoLND/p2/sic/2022/08/sic_cesm2cam6climoLND_01aug2022_00z_d01_d46_m02.nc
(0)	Completed file: /glade/derecho/scratch/ssfcst/cesm2cam6climoLND/p2/cape/2022/08/cape_cesm2cam6climoLND_01aug2022_00z_d01_d46_m02.nc
(0)	Completed file: /glade/derecho/scratch/ssfcst/cesm2cam6climoLND/p2/wap_500/2022/08/wap_500_cesm2cam6climoLND_01aug2022_00z_d01_d46_m02.nc
(0)	Completed file: /glade/derecho/scratch/ssfcst/cesm2cam6climoLND/p2/psl/2022/08/psl_cesm2cam6climoLND_01aug2022_00z_d01_d46_m02.nc
(0)	Completed file: /glade/derecho/scratch/ssfcst/cesm2cam6climoLND/p2/ua_100/2022/08/ua_100_cesm2cam6climoLND_01aug2022_00z_d01_d46_m02.nc
(0)	Completed file: /glade/derecho/scratch/ssfcst/cesm2cam6climoLND/p2/va_100/2022/08/va_100_cesm2cam6climoLND_01aug2022_00z_d01_d46_m02.nc
(0)	Completed file: /glade/derecho/scratch/ssfcst/cesm2cam6climoLND/p2/uvas/2022/08/uvas_cesm2cam6climoLND_01aug2022_00z_d01_d46_m02.nc
(0)	Completed file: /glade/derecho/scratch/ssfcst/cesm2cam6climoLND/p2/snc/2022/08/snc_cesm2cam6climoLND_01aug2022_00z_d01_d46_m02.nc
(0)	Completed file: /glade/derecho/scratch/ssfcst/cesm2cam6climoLND/p2/mrro/2022/08/mrro_cesm2cam6climoLND_01aug2022_00z_d01_d46_m02.nc
(0)	Completed file: /glade/derecho/scratch/ssfcst/cesm2cam6climoLND/p2/rzsm/2022/08/rzsm_cesm2cam6climoLND_01aug2022_00z_d01_d46_m02.nc
(0)	Completed file: /glade/derecho/scratch/ssfcst/cesm2cam6climoLND/p2/mrso/2022/08/mrso_cesm2cam6climoLND_01aug2022_00z_d01_d46_m02.nc
ICE PATH
/glade/derecho/scratch/ssfcst/cesm2cam6climoLND/ice
Combining cice files into cesm2cam6climoLND08.2022-08-01.02.cice.hd.nc in /glade/derecho/scratch/ssfcst/archive/cesm2cam6climoLND_2022-08-01.02/ice/hist
RUN: ncrcat -4 -L 1 *.cice.h.*.nc -O /glade/derecho/scratch/ssfcst/cesm2cam6climoLND/ice/cesm2cam6climoLND08.2022-08-01.02.cice.hd.nc
Copying ocn daily files into cesm2cam6climoLND08.2022-08-01.02.pop.h.nday1.nc
RUN: nccopy -4 -d 1 /glade/derecho/scratch/ssfcst/archive/cesm2cam6climoLND_2022-08-01.02/ocn/hist/cesm2cam6climoLND_2022-08-01.02.pop.h.2022-08-01.nc  /glade/derecho/scratch/ssfcst/cesm2cam6climoLND/ocn/cesm2cam6climoLND_2022-08-01.02.pop.h.2022-08-01.nc
Copying /glade/derecho/scratch/ssfcst/archive/cesm2cam6climoLND_2022-08-01.02/atm/hist/cesm2cam6climoLND_2022-08-01.02.cam.h4.2022-08-01-00000.nc file into /glade/derecho/scratch/ssfcst/cesm2cam6climoLND/3hourly
RUN: nccopy -4 -d 1 -VTS,PS,PSL,QBOT,TMQ,UBOT,VBOT,lat,lon,date,time_bnds,time,gw,ndcur,nscur,nsteph /glade/derecho/scratch/ssfcst/archive/cesm2cam6climoLND_2022-08-01.02/atm/hist/cesm2cam6climoLND_2022-08-01.02.cam.h4.2022-08-01-00000.nc  /glade/derecho/scratch/ssfcst/cesm2cam6climoLND/3hourly/cesm2cam6climoLND_2022-08-01.02.cam.h4.2022-08-01-00000.nc
Copying /glade/derecho/scratch/ssfcst/archive/cesm2cam6climoLND_2022-08-01.02/atm/hist/cesm2cam6climoLND_2022-08-01.02.cam.h3.2022-08-01-00000.nc file into /glade/derecho/scratch/ssfcst/cesm2cam6climoLND/6hourly
RUN: nccopy -4 -d 1 -VU850,V850,TMQ,PRECT,uIVT,vIVT,IVT,PS,PSL,UBOT,VBOT,Z200,Z500,U10,lat,lon,date,time_bnds,time,gw,ndcur,nscur,nsteph /glade/derecho/scratch/ssfcst/archive/cesm2cam6climoLND_2022-08-01.02/atm/hist/cesm2cam6climoLND_2022-08-01.02.cam.h3.2022-08-01-00000.nc  /glade/derecho/scratch/ssfcst/cesm2cam6climoLND/6hourly/cesm2cam6climoLND_2022-08-01.02.cam.h3.2022-08-01-00000.nc
Copying /glade/derecho/scratch/ssfcst/archive/cesm2cam6climoLND_2022-08-01.02/atm/hist/cesm2cam6climoLND_2022-08-01.02.cam.h2.2022-08-01-00000.nc file into /glade/derecho/scratch/ssfcst/cesm2cam6climoLND/daily
RUN: nccopy -4 -d 1 -VFLNT,FSNT,FLDS,FSDS,PRECC,PRECL,QREFHT,RHREFHT,RH600,PSL,PS,SNOWHICE,SNOWHLND,CLDTOT,TMQ,SST,LANDFRAC,OCNFRAC,UVzm,VTHzm,UWzm,WTHzm,TROP_P,TROP_T,THzm,Uzm,Vzm,Wzm,PHIS,WSPDSRFMX,WSPDSRFAV,QFLX,U10,TGCLDIWP,TGCLDLWP,lev,ilev,lat,lon,date,time_bnds,time,gw,ndcur,nscur,nsteph /glade/derecho/scratch/ssfcst/archive/cesm2cam6climoLND_2022-08-01.02/atm/hist/cesm2cam6climoLND_2022-08-01.02.cam.h2.2022-08-01-00000.nc /glade/derecho/scratch/ssfcst/cesm2cam6climoLND/daily/cesm2cam6climoLND_2022-08-01.02.cam.h2.2022-08-01-00000.nc
LND OUTDIR:
/glade/derecho/scratch/ssfcst/cesm2cam6climoLND/lnd
Copying /glade/derecho/scratch/ssfcst/archive/cesm2cam6climoLND_2022-08-01.02/lnd/hist/cesm2cam6climoLND_2022-08-01.02.clm2.h0.2022-08-01-00000.nc file into /glade/derecho/scratch/ssfcst/cesm2cam6climoLND/lnd
RUN: nccopy -4 -d 1 /glade/derecho/scratch/ssfcst/archive/cesm2cam6climoLND_2022-08-01.02/lnd/hist/cesm2cam6climoLND_2022-08-01.02.clm2.h0.2022-08-01-00000.nc /glade/derecho/scratch/ssfcst/cesm2cam6climoLND/lnd/cesm2cam6climoLND_2022-08-01.02.clm2.h0.2022-08-01-00000.nc
+ wait
+ ecflow_client --complete
+ trap 0
+ exit 0
