invoking bashrc
invoking bash_profile
invoking bash_profile
+ set -o pipefail
+ export ECF_PORT=35254
+ ECF_PORT=35254
+ export ECF_HOST=derecho2
+ ECF_HOST=derecho2
+ export ECF_NAME=/cesm2cam6climoOCNclimoATM_2022_06_06/getdata
+ ECF_NAME=/cesm2cam6climoOCNclimoATM_2022_06_06/getdata
+ export ECF_PASS=Tnti5cEh
+ ECF_PASS=Tnti5cEh
+ export ECF_TRYNO=1
+ ECF_TRYNO=1
+ export ECF_RID=11487
+ ECF_RID=11487
+ export FCST_HOME=/glade/u/home/ssfcst/cesm2cam6climoOCNclimoATM/CESM2-Realtime-Forecast
+ FCST_HOME=/glade/u/home/ssfcst/cesm2cam6climoOCNclimoATM/CESM2-Realtime-Forecast
+ export FCST_WORK=/glade/work/ssfcst/derecho/cases/cesm2cam6climoOCNclimoATM_2022_06_06
+ FCST_WORK=/glade/work/ssfcst/derecho/cases/cesm2cam6climoOCNclimoATM_2022_06_06
+ export CESM_ROOT=/glade/u/home/ssfcst/cesm2.1.5
+ CESM_ROOT=/glade/u/home/ssfcst/cesm2.1.5
+ export CESM_WORKFLOW=cesm2cam6climoOCNclimoATM
+ CESM_WORKFLOW=cesm2cam6climoOCNclimoATM
+ module load cesmdev/1.0 ncarenv/23.09 ecflow
+ '[' -z '' ']'
+ case "$-" in
+ __lmod_sh_dbg=x
+ '[' -n x ']'
+ set +x
Shell debugging temporarily silenced: export LMOD_SH_DBG_ON=1 for Lmod's output
Shell debugging restarted
+ unset __lmod_sh_dbg
+ return 0
+ module use /glade/u/home/ssfcst/cesm2cam6climoOCNclimoATM/CESM2-Realtime-Forecast/modulefiles
+ '[' -z '' ']'
+ case "$-" in
+ __lmod_sh_dbg=x
+ '[' -n x ']'
+ set +x
Shell debugging temporarily silenced: export LMOD_SH_DBG_ON=1 for Lmod's output
Shell debugging restarted
+ unset __lmod_sh_dbg
+ return 0
+ module load cesm2cam6climoOCNclimoATM
+ '[' -z '' ']'
+ case "$-" in
+ __lmod_sh_dbg=x
+ '[' -n x ']'
+ set +x
Shell debugging temporarily silenced: export LMOD_SH_DBG_ON=1 for Lmod's output
Shell debugging restarted
+ unset __lmod_sh_dbg
+ return 0
+ ecflow_client --init=11487
+ trap ERROR 0
+ trap '{ echo "Killed by a signal"; ERROR ; }' 1 2 3 4 5 6 7 8 10 12 13 15
+ module load intel udunits ncl nco
+ '[' -z '' ']'
+ case "$-" in
+ __lmod_sh_dbg=x
+ '[' -n x ']'
+ set +x
Shell debugging temporarily silenced: export LMOD_SH_DBG_ON=1 for Lmod's output
Shell debugging restarted
+ unset __lmod_sh_dbg
+ return 0
+ cd /glade/u/home/ssfcst/cesm2cam6climoOCNclimoATM/CESM2-Realtime-Forecast/bin/
+ ./getinitialdata.py --date 2022-06-06
ocean date is... 0273-06-06
+ ./generate_cami_ensemble.py --date 2022-06-06 --ensemble-start 0 --ensemble-end 10
baserundir is /glade/derecho/scratch/ssfcst/cesm2cam6climoOCNclimoATM_2022-06-06.00/run.00
Rvals are [79, 374, 368, 529, 825, 591]
Linking /glade/derecho/scratch/ssfcst/cesm2cam6climoOCNclimoATM/StageIC/rest/2022-06-06/b.e21.f09_g17.cam.i.2022-06-06-00000.nc to /glade/derecho/scratch/ssfcst/cesm2cam6climoOCNclimoATM_2022-06-06.00/run.00/b.e21.f09_g17.cam.i.2022-06-06-00000.nc
Creating perturbed init file /glade/derecho/scratch/ssfcst/cesm2cam6climoOCNclimoATM_2022-06-06.00/run.01/b.e21.f09_g17.cam.i.2022-06-06-tmp.nc
Creating perturbed init file /glade/derecho/scratch/ssfcst/cesm2cam6climoOCNclimoATM_2022-06-06.00/run.03/b.e21.f09_g17.cam.i.2022-06-06-tmp.nc
Creating perturbed init file /glade/derecho/scratch/ssfcst/cesm2cam6climoOCNclimoATM_2022-06-06.00/run.05/b.e21.f09_g17.cam.i.2022-06-06-tmp.nc
Creating perturbed init file /glade/derecho/scratch/ssfcst/cesm2cam6climoOCNclimoATM_2022-06-06.00/run.07/b.e21.f09_g17.cam.i.2022-06-06-tmp.nc
Creating perturbed init file /glade/derecho/scratch/ssfcst/cesm2cam6climoOCNclimoATM_2022-06-06.00/run.09/b.e21.f09_g17.cam.i.2022-06-06-tmp.nc
RUN: ncflint -O -C -v lat,lon,slat,slon,lev,ilev,hyai,hybi,hyam,hybm,US,VS,T,Q,PS -w -0.15,1.0 /glade/campaign/cesm/development/cross-wg/S2S/CESM2/CAMI/RP/06/CESM2.cam.i.M06.diff.374.nc /glade/derecho/scratch/ssfcst/cesm2cam6climoOCNclimoATM/StageIC/rest/2022-06-06/b.e21.f09_g17.cam.i.2022-06-06-00000.nc /glade/derecho/scratch/ssfcst/cesm2cam6climoOCNclimoATM_2022-06-06.00/run.06/b.e21.f09_g17.cam.i.2022-06-06-tmp.nc
RUN: ncflint -O -C -v lat,lon,slat,slon,lev,ilev,hyai,hybi,hyam,hybm,US,VS,T,Q,PS -w 0.15,1.0 /glade/campaign/cesm/development/cross-wg/S2S/CESM2/CAMI/RP/06/CESM2.cam.i.M06.diff.374.nc /glade/derecho/scratch/ssfcst/cesm2cam6climoOCNclimoATM/StageIC/rest/2022-06-06/b.e21.f09_g17.cam.i.2022-06-06-00000.nc /glade/derecho/scratch/ssfcst/cesm2cam6climoOCNclimoATM_2022-06-06.00/run.05/b.e21.f09_g17.cam.i.2022-06-06-tmp.nc
RUN: ncflint -O -C -v lat,lon,slat,slon,lev,ilev,hyai,hybi,hyam,hybm,US,VS,T,Q,PS -w -0.15,1.0 /glade/campaign/cesm/development/cross-wg/S2S/CESM2/CAMI/RP/06/CESM2.cam.i.M06.diff.825.nc /glade/derecho/scratch/ssfcst/cesm2cam6climoOCNclimoATM/StageIC/rest/2022-06-06/b.e21.f09_g17.cam.i.2022-06-06-00000.nc /glade/derecho/scratch/ssfcst/cesm2cam6climoOCNclimoATM_2022-06-06.00/run.02/b.e21.f09_g17.cam.i.2022-06-06-tmp.nc
RUN: ncflint -O -C -v lat,lon,slat,slon,lev,ilev,hyai,hybi,hyam,hybm,US,VS,T,Q,PS -w 0.15,1.0 /glade/campaign/cesm/development/cross-wg/S2S/CESM2/CAMI/RP/06/CESM2.cam.i.M06.diff.825.nc /glade/derecho/scratch/ssfcst/cesm2cam6climoOCNclimoATM/StageIC/rest/2022-06-06/b.e21.f09_g17.cam.i.2022-06-06-00000.nc /glade/derecho/scratch/ssfcst/cesm2cam6climoOCNclimoATM_2022-06-06.00/run.01/b.e21.f09_g17.cam.i.2022-06-06-tmp.nc
RUN: ncflint -O -C -v lat,lon,slat,slon,lev,ilev,hyai,hybi,hyam,hybm,US,VS,T,Q,PS -w -0.15,1.0 /glade/campaign/cesm/development/cross-wg/S2S/CESM2/CAMI/RP/06/CESM2.cam.i.M06.diff.529.nc /glade/derecho/scratch/ssfcst/cesm2cam6climoOCNclimoATM/StageIC/rest/2022-06-06/b.e21.f09_g17.cam.i.2022-06-06-00000.nc /glade/derecho/scratch/ssfcst/cesm2cam6climoOCNclimoATM_2022-06-06.00/run.10/b.e21.f09_g17.cam.i.2022-06-06-tmp.nc
RUN: ncflint -O -C -v lat,lon,slat,slon,lev,ilev,hyai,hybi,hyam,hybm,US,VS,T,Q,PS -w -0.15,1.0 /glade/campaign/cesm/development/cross-wg/S2S/CESM2/CAMI/RP/06/CESM2.cam.i.M06.diff.368.nc /glade/derecho/scratch/ssfcst/cesm2cam6climoOCNclimoATM/StageIC/rest/2022-06-06/b.e21.f09_g17.cam.i.2022-06-06-00000.nc /glade/derecho/scratch/ssfcst/cesm2cam6climoOCNclimoATM_2022-06-06.00/run.08/b.e21.f09_g17.cam.i.2022-06-06-tmp.nc
RUN: ncflint -O -C -v lat,lon,slat,slon,lev,ilev,hyai,hybi,hyam,hybm,US,VS,T,Q,PS -w 0.15,1.0 /glade/campaign/cesm/development/cross-wg/S2S/CESM2/CAMI/RP/06/CESM2.cam.i.M06.diff.368.nc /glade/derecho/scratch/ssfcst/cesm2cam6climoOCNclimoATM/StageIC/rest/2022-06-06/b.e21.f09_g17.cam.i.2022-06-06-00000.nc /glade/derecho/scratch/ssfcst/cesm2cam6climoOCNclimoATM_2022-06-06.00/run.07/b.e21.f09_g17.cam.i.2022-06-06-tmp.nc
RUN: ncflint -O -C -v lat,lon,slat,slon,lev,ilev,hyai,hybi,hyam,hybm,US,VS,T,Q,PS -w -0.15,1.0 /glade/campaign/cesm/development/cross-wg/S2S/CESM2/CAMI/RP/06/CESM2.cam.i.M06.diff.79.nc /glade/derecho/scratch/ssfcst/cesm2cam6climoOCNclimoATM/StageIC/rest/2022-06-06/b.e21.f09_g17.cam.i.2022-06-06-00000.nc /glade/derecho/scratch/ssfcst/cesm2cam6climoOCNclimoATM_2022-06-06.00/run.04/b.e21.f09_g17.cam.i.2022-06-06-tmp.nc
RUN: ncflint -O -C -v lat,lon,slat,slon,lev,ilev,hyai,hybi,hyam,hybm,US,VS,T,Q,PS -w 0.15,1.0 /glade/campaign/cesm/development/cross-wg/S2S/CESM2/CAMI/RP/06/CESM2.cam.i.M06.diff.79.nc /glade/derecho/scratch/ssfcst/cesm2cam6climoOCNclimoATM/StageIC/rest/2022-06-06/b.e21.f09_g17.cam.i.2022-06-06-00000.nc /glade/derecho/scratch/ssfcst/cesm2cam6climoOCNclimoATM_2022-06-06.00/run.03/b.e21.f09_g17.cam.i.2022-06-06-tmp.nc
RUN: ncflint -O -C -v lat,lon,slat,slon,lev,ilev,hyai,hybi,hyam,hybm,US,VS,T,Q,PS -w 0.15,1.0 /glade/campaign/cesm/development/cross-wg/S2S/CESM2/CAMI/RP/06/CESM2.cam.i.M06.diff.529.nc /glade/derecho/scratch/ssfcst/cesm2cam6climoOCNclimoATM/StageIC/rest/2022-06-06/b.e21.f09_g17.cam.i.2022-06-06-00000.nc /glade/derecho/scratch/ssfcst/cesm2cam6climoOCNclimoATM_2022-06-06.00/run.09/b.e21.f09_g17.cam.i.2022-06-06-tmp.nc
+ wait
+ ecflow_client --complete
+ trap 0
+ exit 0
