invoking bashrc
invoking bash_profile
invoking bash_profile
+ set -o pipefail
+ export ECF_PORT=35254
+ ECF_PORT=35254
+ export ECF_HOST=derecho2
+ ECF_HOST=derecho2
+ export ECF_NAME=/cesm2cam6climoLND_2022_05_23/getdata
+ ECF_NAME=/cesm2cam6climoLND_2022_05_23/getdata
+ export ECF_PASS=gwzwnVQ.
+ ECF_PASS=gwzwnVQ.
+ export ECF_TRYNO=1
+ ECF_TRYNO=1
+ export ECF_RID=243460
+ ECF_RID=243460
+ export FCST_HOME=/glade/u/home/ssfcst/cesm2cam6climoLND/CESM2-Realtime-Forecast
+ FCST_HOME=/glade/u/home/ssfcst/cesm2cam6climoLND/CESM2-Realtime-Forecast
+ export FCST_WORK=/glade/work/ssfcst/derecho/cases/cesm2cam6climoLND_2022_05_23
+ FCST_WORK=/glade/work/ssfcst/derecho/cases/cesm2cam6climoLND_2022_05_23
+ export CESM_ROOT=/glade/u/home/ssfcst/cesm2.1.5
+ CESM_ROOT=/glade/u/home/ssfcst/cesm2.1.5
+ export CESM_WORKFLOW=cesm2cam6climoLND
+ CESM_WORKFLOW=cesm2cam6climoLND
+ module load cesmdev/1.0 ncarenv/23.09 ecflow
+ '[' -z '' ']'
+ case "$-" in
+ __lmod_sh_dbg=x
+ '[' -n x ']'
+ set +x
Shell debugging temporarily silenced: export LMOD_SH_DBG_ON=1 for Lmod's output
Shell debugging restarted
+ unset __lmod_sh_dbg
+ return 0
+ module use /glade/u/home/ssfcst/cesm2cam6climoLND/CESM2-Realtime-Forecast/modulefiles
+ '[' -z '' ']'
+ case "$-" in
+ __lmod_sh_dbg=x
+ '[' -n x ']'
+ set +x
Shell debugging temporarily silenced: export LMOD_SH_DBG_ON=1 for Lmod's output
Shell debugging restarted
+ unset __lmod_sh_dbg
+ return 0
+ module load cesm2cam6climoLND
+ '[' -z '' ']'
+ case "$-" in
+ __lmod_sh_dbg=x
+ '[' -n x ']'
+ set +x
Shell debugging temporarily silenced: export LMOD_SH_DBG_ON=1 for Lmod's output
Lmod has detected the following error: The following module(s) are unknown:
"cesm2cam6climoLND"

Please check the spelling or version number. Also try "module spider ..."
It is also possible your cache file is out-of-date; it may help to try:
  $ module --ignore_cache load "cesm2cam6climoLND"

Also make sure that all modulefiles written in TCL start with the string
#%Module



Shell debugging restarted
+ unset __lmod_sh_dbg
+ return 1
invoking bashrc
invoking bash_profile
invoking bash_profile
+ set -o pipefail
+ export ECF_PORT=35254
+ ECF_PORT=35254
+ export ECF_HOST=derecho2
+ ECF_HOST=derecho2
+ export ECF_NAME=/cesm2cam6climoLND_2022_05_23/getdata
+ ECF_NAME=/cesm2cam6climoLND_2022_05_23/getdata
+ export ECF_PASS=UO67e45s
+ ECF_PASS=UO67e45s
+ export ECF_TRYNO=2
+ ECF_TRYNO=2
+ export ECF_RID=152781
+ ECF_RID=152781
+ export FCST_HOME=/glade/u/home/ssfcst/cesm2cam6climoLND/CESM2-Realtime-Forecast
+ FCST_HOME=/glade/u/home/ssfcst/cesm2cam6climoLND/CESM2-Realtime-Forecast
+ export FCST_WORK=/glade/work/ssfcst/derecho/cases/cesm2cam6climoLND_2022_05_23
+ FCST_WORK=/glade/work/ssfcst/derecho/cases/cesm2cam6climoLND_2022_05_23
+ export CESM_ROOT=/glade/u/home/ssfcst/cesm2.1.5
+ CESM_ROOT=/glade/u/home/ssfcst/cesm2.1.5
+ export CESM_WORKFLOW=cesm2cam6climoLND
+ CESM_WORKFLOW=cesm2cam6climoLND
+ module load cesmdev/1.0 ncarenv/23.09 ecflow
+ '[' -z '' ']'
+ case "$-" in
+ __lmod_sh_dbg=x
+ '[' -n x ']'
+ set +x
Shell debugging temporarily silenced: export LMOD_SH_DBG_ON=1 for Lmod's output
Shell debugging restarted
+ unset __lmod_sh_dbg
+ return 0
+ module use /glade/u/home/ssfcst/cesm2cam6climoLND/CESM2-Realtime-Forecast/modulefiles
+ '[' -z '' ']'
+ case "$-" in
+ __lmod_sh_dbg=x
+ '[' -n x ']'
+ set +x
Shell debugging temporarily silenced: export LMOD_SH_DBG_ON=1 for Lmod's output
Shell debugging restarted
+ unset __lmod_sh_dbg
+ return 0
+ module load cesm2cam6climoLND
+ '[' -z '' ']'
+ case "$-" in
+ __lmod_sh_dbg=x
+ '[' -n x ']'
+ set +x
Shell debugging temporarily silenced: export LMOD_SH_DBG_ON=1 for Lmod's output
Lmod has detected the following error: The following module(s) are unknown:
"cesm2cam6climoLND"

Please check the spelling or version number. Also try "module spider ..."
It is also possible your cache file is out-of-date; it may help to try:
  $ module --ignore_cache load "cesm2cam6climoLND"

Also make sure that all modulefiles written in TCL start with the string
#%Module



Shell debugging restarted
+ unset __lmod_sh_dbg
+ return 1
invoking bashrc
invoking bash_profile
invoking bash_profile
+ set -o pipefail
+ export ECF_PORT=35254
+ ECF_PORT=35254
+ export ECF_HOST=derecho2
+ ECF_HOST=derecho2
+ export ECF_NAME=/cesm2cam6climoLND_2022_05_23/getdata
+ ECF_NAME=/cesm2cam6climoLND_2022_05_23/getdata
+ export ECF_PASS=QSGqYBPA
+ ECF_PASS=QSGqYBPA
+ export ECF_TRYNO=3
+ ECF_TRYNO=3
+ export ECF_RID=82848
+ ECF_RID=82848
+ export FCST_HOME=/glade/u/home/ssfcst/cesm2cam6climoLND/CESM2-Realtime-Forecast
+ FCST_HOME=/glade/u/home/ssfcst/cesm2cam6climoLND/CESM2-Realtime-Forecast
+ export FCST_WORK=/glade/work/ssfcst/derecho/cases/cesm2cam6climoLND_2022_05_23
+ FCST_WORK=/glade/work/ssfcst/derecho/cases/cesm2cam6climoLND_2022_05_23
+ export CESM_ROOT=/glade/u/home/ssfcst/cesm2.1.5
+ CESM_ROOT=/glade/u/home/ssfcst/cesm2.1.5
+ export CESM_WORKFLOW=cesm2cam6climoLND
+ CESM_WORKFLOW=cesm2cam6climoLND
+ module load cesmdev/1.0 ncarenv/23.09 ecflow
+ '[' -z '' ']'
+ case "$-" in
+ __lmod_sh_dbg=x
+ '[' -n x ']'
+ set +x
Shell debugging temporarily silenced: export LMOD_SH_DBG_ON=1 for Lmod's output
Shell debugging restarted
+ unset __lmod_sh_dbg
+ return 0
+ module use /glade/u/home/ssfcst/cesm2cam6climoLND/CESM2-Realtime-Forecast/modulefiles
+ '[' -z '' ']'
+ case "$-" in
+ __lmod_sh_dbg=x
+ '[' -n x ']'
+ set +x
Shell debugging temporarily silenced: export LMOD_SH_DBG_ON=1 for Lmod's output
Shell debugging restarted
+ unset __lmod_sh_dbg
+ return 0
+ module load cesm2cam6climoLND
+ '[' -z '' ']'
+ case "$-" in
+ __lmod_sh_dbg=x
+ '[' -n x ']'
+ set +x
Shell debugging temporarily silenced: export LMOD_SH_DBG_ON=1 for Lmod's output
Shell debugging restarted
+ unset __lmod_sh_dbg
+ return 0
+ ecflow_client --init=82848
+ trap ERROR 0
+ trap '{ echo "Killed by a signal"; ERROR ; }' 1 2 3 4 5 6 7 8 10 12 13 15
+ module load intel udunits ncl nco
+ '[' -z '' ']'
+ case "$-" in
+ __lmod_sh_dbg=x
+ '[' -n x ']'
+ set +x
Shell debugging temporarily silenced: export LMOD_SH_DBG_ON=1 for Lmod's output
Shell debugging restarted
+ unset __lmod_sh_dbg
+ return 0
+ cd /glade/u/home/ssfcst/cesm2cam6climoLND/CESM2-Realtime-Forecast/bin/
+ ./getinitialdata.py --date 2022-05-23
ocean date is... 0273-05-23
Start renaming files...
Done renaming files...
+ ./generate_cami_ensemble.py --date 2022-05-23 --ensemble-start 0 --ensemble-end 10
baserundir is /glade/derecho/scratch/ssfcst/cesm2cam6climoLND_2022-05-23.00/run.00
Rvals are [606, 342, 824, 220, 960, 387]
Linking /glade/derecho/scratch/ssfcst/cesm2cam6climoLND/StageIC/rest/2022-05-23/b.e21.f09_g17.cam.i.2022-05-23-00000.nc to /glade/derecho/scratch/ssfcst/cesm2cam6climoLND_2022-05-23.00/run.00/b.e21.f09_g17.cam.i.2022-05-23-00000.nc
Creating perturbed init file /glade/derecho/scratch/ssfcst/cesm2cam6climoLND_2022-05-23.00/run.01/b.e21.f09_g17.cam.i.2022-05-23-tmp.nc
Creating perturbed init file /glade/derecho/scratch/ssfcst/cesm2cam6climoLND_2022-05-23.00/run.03/b.e21.f09_g17.cam.i.2022-05-23-tmp.nc
Creating perturbed init file /glade/derecho/scratch/ssfcst/cesm2cam6climoLND_2022-05-23.00/run.05/b.e21.f09_g17.cam.i.2022-05-23-tmp.nc
Creating perturbed init file /glade/derecho/scratch/ssfcst/cesm2cam6climoLND_2022-05-23.00/run.07/b.e21.f09_g17.cam.i.2022-05-23-tmp.nc
Creating perturbed init file /glade/derecho/scratch/ssfcst/cesm2cam6climoLND_2022-05-23.00/run.09/b.e21.f09_g17.cam.i.2022-05-23-tmp.nc
RUN: ncflint -O -C -v lat,lon,slat,slon,lev,ilev,hyai,hybi,hyam,hybm,US,VS,T,Q,PS -w 0.15,1.0 /glade/campaign/cesm/development/cross-wg/S2S/CESM2/CAMI/RP/05/CESM2.cam.i.M05.diff.824.nc /glade/derecho/scratch/ssfcst/cesm2cam6climoLND/StageIC/rest/2022-05-23/b.e21.f09_g17.cam.i.2022-05-23-00000.nc /glade/derecho/scratch/ssfcst/cesm2cam6climoLND_2022-05-23.00/run.07/b.e21.f09_g17.cam.i.2022-05-23-tmp.nc
RUN: ncflint -O -C -v lat,lon,slat,slon,lev,ilev,hyai,hybi,hyam,hybm,US,VS,T,Q,PS -w 0.15,1.0 /glade/campaign/cesm/development/cross-wg/S2S/CESM2/CAMI/RP/05/CESM2.cam.i.M05.diff.342.nc /glade/derecho/scratch/ssfcst/cesm2cam6climoLND/StageIC/rest/2022-05-23/b.e21.f09_g17.cam.i.2022-05-23-00000.nc /glade/derecho/scratch/ssfcst/cesm2cam6climoLND_2022-05-23.00/run.05/b.e21.f09_g17.cam.i.2022-05-23-tmp.nc
RUN: ncflint -O -C -v lat,lon,slat,slon,lev,ilev,hyai,hybi,hyam,hybm,US,VS,T,Q,PS -w 0.15,1.0 /glade/campaign/cesm/development/cross-wg/S2S/CESM2/CAMI/RP/05/CESM2.cam.i.M05.diff.960.nc /glade/derecho/scratch/ssfcst/cesm2cam6climoLND/StageIC/rest/2022-05-23/b.e21.f09_g17.cam.i.2022-05-23-00000.nc /glade/derecho/scratch/ssfcst/cesm2cam6climoLND_2022-05-23.00/run.01/b.e21.f09_g17.cam.i.2022-05-23-tmp.nc
RUN: ncflint -O -C -v lat,lon,slat,slon,lev,ilev,hyai,hybi,hyam,hybm,US,VS,T,Q,PS -w 0.15,1.0 /glade/campaign/cesm/development/cross-wg/S2S/CESM2/CAMI/RP/05/CESM2.cam.i.M05.diff.606.nc /glade/derecho/scratch/ssfcst/cesm2cam6climoLND/StageIC/rest/2022-05-23/b.e21.f09_g17.cam.i.2022-05-23-00000.nc /glade/derecho/scratch/ssfcst/cesm2cam6climoLND_2022-05-23.00/run.03/b.e21.f09_g17.cam.i.2022-05-23-tmp.nc
RUN: ncflint -O -C -v lat,lon,slat,slon,lev,ilev,hyai,hybi,hyam,hybm,US,VS,T,Q,PS -w -0.15,1.0 /glade/campaign/cesm/development/cross-wg/S2S/CESM2/CAMI/RP/05/CESM2.cam.i.M05.diff.606.nc /glade/derecho/scratch/ssfcst/cesm2cam6climoLND/StageIC/rest/2022-05-23/b.e21.f09_g17.cam.i.2022-05-23-00000.nc /glade/derecho/scratch/ssfcst/cesm2cam6climoLND_2022-05-23.00/run.04/b.e21.f09_g17.cam.i.2022-05-23-tmp.nc
RUN: ncflint -O -C -v lat,lon,slat,slon,lev,ilev,hyai,hybi,hyam,hybm,US,VS,T,Q,PS -w -0.15,1.0 /glade/campaign/cesm/development/cross-wg/S2S/CESM2/CAMI/RP/05/CESM2.cam.i.M05.diff.220.nc /glade/derecho/scratch/ssfcst/cesm2cam6climoLND/StageIC/rest/2022-05-23/b.e21.f09_g17.cam.i.2022-05-23-00000.nc /glade/derecho/scratch/ssfcst/cesm2cam6climoLND_2022-05-23.00/run.10/b.e21.f09_g17.cam.i.2022-05-23-tmp.nc
RUN: ncflint -O -C -v lat,lon,slat,slon,lev,ilev,hyai,hybi,hyam,hybm,US,VS,T,Q,PS -w 0.15,1.0 /glade/campaign/cesm/development/cross-wg/S2S/CESM2/CAMI/RP/05/CESM2.cam.i.M05.diff.220.nc /glade/derecho/scratch/ssfcst/cesm2cam6climoLND/StageIC/rest/2022-05-23/b.e21.f09_g17.cam.i.2022-05-23-00000.nc /glade/derecho/scratch/ssfcst/cesm2cam6climoLND_2022-05-23.00/run.09/b.e21.f09_g17.cam.i.2022-05-23-tmp.nc
RUN: ncflint -O -C -v lat,lon,slat,slon,lev,ilev,hyai,hybi,hyam,hybm,US,VS,T,Q,PS -w -0.15,1.0 /glade/campaign/cesm/development/cross-wg/S2S/CESM2/CAMI/RP/05/CESM2.cam.i.M05.diff.342.nc /glade/derecho/scratch/ssfcst/cesm2cam6climoLND/StageIC/rest/2022-05-23/b.e21.f09_g17.cam.i.2022-05-23-00000.nc /glade/derecho/scratch/ssfcst/cesm2cam6climoLND_2022-05-23.00/run.06/b.e21.f09_g17.cam.i.2022-05-23-tmp.nc
RUN: ncflint -O -C -v lat,lon,slat,slon,lev,ilev,hyai,hybi,hyam,hybm,US,VS,T,Q,PS -w -0.15,1.0 /glade/campaign/cesm/development/cross-wg/S2S/CESM2/CAMI/RP/05/CESM2.cam.i.M05.diff.960.nc /glade/derecho/scratch/ssfcst/cesm2cam6climoLND/StageIC/rest/2022-05-23/b.e21.f09_g17.cam.i.2022-05-23-00000.nc /glade/derecho/scratch/ssfcst/cesm2cam6climoLND_2022-05-23.00/run.02/b.e21.f09_g17.cam.i.2022-05-23-tmp.nc
RUN: ncflint -O -C -v lat,lon,slat,slon,lev,ilev,hyai,hybi,hyam,hybm,US,VS,T,Q,PS -w -0.15,1.0 /glade/campaign/cesm/development/cross-wg/S2S/CESM2/CAMI/RP/05/CESM2.cam.i.M05.diff.824.nc /glade/derecho/scratch/ssfcst/cesm2cam6climoLND/StageIC/rest/2022-05-23/b.e21.f09_g17.cam.i.2022-05-23-00000.nc /glade/derecho/scratch/ssfcst/cesm2cam6climoLND_2022-05-23.00/run.08/b.e21.f09_g17.cam.i.2022-05-23-tmp.nc
+ wait
+ ecflow_client --complete
+ trap 0
+ exit 0
