invoking bashrc
invoking bash_profile
invoking bash_profile
+ set -o pipefail
+ export ECF_PORT=35254
+ ECF_PORT=35254
+ export ECF_HOST=derecho2
+ ECF_HOST=derecho2
+ export ECF_NAME=/cesm2cam6climoLND_2022_07_04/run_family/run_member_04
+ ECF_NAME=/cesm2cam6climoLND_2022_07_04/run_family/run_member_04
+ export ECF_PASS=iWWzJ7wg
+ ECF_PASS=iWWzJ7wg
+ export ECF_TRYNO=1
+ ECF_TRYNO=1
+ export ECF_RID=64917
+ ECF_RID=64917
+ export FCST_HOME=/glade/u/home/ssfcst/cesm2cam6climoLND/CESM2-Realtime-Forecast
+ FCST_HOME=/glade/u/home/ssfcst/cesm2cam6climoLND/CESM2-Realtime-Forecast
+ export FCST_WORK=/glade/work/ssfcst/derecho/cases/cesm2cam6climoLND_2022_07_04
+ FCST_WORK=/glade/work/ssfcst/derecho/cases/cesm2cam6climoLND_2022_07_04
+ export CESM_ROOT=/glade/u/home/ssfcst/cesm2.1.5
+ CESM_ROOT=/glade/u/home/ssfcst/cesm2.1.5
+ export CESM_WORKFLOW=cesm2cam6climoLND
+ CESM_WORKFLOW=cesm2cam6climoLND
+ module load cesmdev/1.0 ncarenv/23.09 ecflow
+ '[' -z '' ']'
+ case "$-" in
+ __lmod_sh_dbg=x
+ '[' -n x ']'
+ set +x
Shell debugging temporarily silenced: export LMOD_SH_DBG_ON=1 for Lmod's output
Shell debugging restarted
+ unset __lmod_sh_dbg
+ return 0
+ module use /glade/u/home/ssfcst/cesm2cam6climoLND/CESM2-Realtime-Forecast/modulefiles
+ '[' -z '' ']'
+ case "$-" in
+ __lmod_sh_dbg=x
+ '[' -n x ']'
+ set +x
Shell debugging temporarily silenced: export LMOD_SH_DBG_ON=1 for Lmod's output
Shell debugging restarted
+ unset __lmod_sh_dbg
+ return 0
+ module load cesm2cam6climoLND
+ '[' -z '' ']'
+ case "$-" in
+ __lmod_sh_dbg=x
+ '[' -n x ']'
+ set +x
Shell debugging temporarily silenced: export LMOD_SH_DBG_ON=1 for Lmod's output
Shell debugging restarted
+ unset __lmod_sh_dbg
+ return 0
+ ecflow_client --init=64917
+ trap ERROR 0
+ trap '{ echo "Killed by a signal"; ERROR ; }' 1 2 3 4 5 6 7 8 10 12 13 15
++ echo run_member_04
++ cut -c 12-
+ member=04
+ echo 2022-07-04 04
2022-07-04 04
+ cd /glade/work/ssfcst/derecho/cases/cesm2cam6climoLND_2022_07_04/cesm2cam6climoLND_2022-07-04.04
+ ./case.submit --job case.run
 - Prestaging REFCASE (/glade/derecho/scratch/ssfcst/cesm2cam6climoLND/StageIC/rest/2022-07-04) to /glade/derecho/scratch/ssfcst/cesm2cam6climoLND_2022-07-04.00/run.04
Copy rpointer /glade/derecho/scratch/ssfcst/cesm2cam6climoLND/StageIC/rest/2022-07-04/rpointer.glc
Copy rpointer /glade/derecho/scratch/ssfcst/cesm2cam6climoLND/StageIC/rest/2022-07-04/rpointer.drv
Copy rpointer /glade/derecho/scratch/ssfcst/cesm2cam6climoLND/StageIC/rest/2022-07-04/rpointer.ocn.tavg
Copy rpointer /glade/derecho/scratch/ssfcst/cesm2cam6climoLND/StageIC/rest/2022-07-04/rpointer.ice
Copy rpointer /glade/derecho/scratch/ssfcst/cesm2cam6climoLND/StageIC/rest/2022-07-04/rpointer.rof
Copy rpointer /glade/derecho/scratch/ssfcst/cesm2cam6climoLND/StageIC/rest/2022-07-04/rpointer.lnd
Copy rpointer /glade/derecho/scratch/ssfcst/cesm2cam6climoLND/StageIC/rest/2022-07-04/rpointer.ocn.restart
Copy rpointer /glade/derecho/scratch/ssfcst/cesm2cam6climoLND/StageIC/rest/2022-07-04/rpointer.atm
Copy rpointer /glade/derecho/scratch/ssfcst/cesm2cam6climoLND/StageIC/rest/2022-07-04/rpointer.ocn.ovf
Staging file /glade/derecho/scratch/ssfcst/cesm2cam6climoLND/StageIC/rest/2022-07-04/I2000Clm50BgcCrop.002runRealtimeClimo_contd4.cpl.r.2022-07-04-00000.nc
Staging file /glade/derecho/scratch/ssfcst/cesm2cam6climoLND/StageIC/rest/2022-07-04/I2000Clm50BgcCrop.002runRealtimeClimo_contd4.mosart.h1.2022-06-11-00000.nc
Staging file /glade/derecho/scratch/ssfcst/cesm2cam6climoLND/StageIC/rest/2022-07-04/I2000Clm50BgcCrop.002runRealtimeClimo_contd4.cism.r.2022-07-04-00000.nc
Staging file /glade/derecho/scratch/ssfcst/cesm2cam6climoLND/StageIC/rest/2022-07-04/I2000Clm50BgcCrop.002runRealtimeClimo_contd4.clm2.rh0.2022-07-04-00000.nc
Staging file /glade/derecho/scratch/ssfcst/cesm2cam6climoLND/StageIC/rest/2022-07-04/I2000Clm50BgcCrop.002runRealtimeClimo_contd4.clm2.rh1.2022-07-04-00000.nc
Staging file /glade/derecho/scratch/ssfcst/cesm2cam6climoLND/StageIC/rest/2022-07-04/I2000Clm50BgcCrop.002runRealtimeClimo_contd4.clm2.h1.2022-06-10-00000.nc
Staging file /glade/derecho/scratch/ssfcst/cesm2cam6climoLND/StageIC/rest/2022-07-04/I2000Clm50BgcCrop.002runRealtimeClimo_contd4.clm2.r.2022-07-04-00000.nc
Staging file /glade/derecho/scratch/ssfcst/cesm2cam6climoLND/StageIC/rest/2022-07-04/I2000Clm50BgcCrop.002runRealtimeClimo_contd4.mosart.r.2022-07-04-00000.nc
Staging file /glade/derecho/scratch/ssfcst/cesm2cam6climoLND/StageIC/rest/2022-07-04/I2000Clm50BgcCrop.002runRealtimeClimo_contd4.mosart.rh1.2022-07-04-00000.nc
Staging file /glade/derecho/scratch/ssfcst/cesm2cam6climoLND/StageIC/rest/2022-07-04/I2000Clm50BgcCrop.002runRealtimeClimo_contd4.mosart.h0.2020-06.nc
Staging file /glade/derecho/scratch/ssfcst/cesm2cam6climoLND/StageIC/rest/2022-07-04/I2000Clm50BgcCrop.002runRealtimeClimo_contd4.clm2.h0.2022-02-01-00000.nc
Staging file /glade/derecho/scratch/ssfcst/cesm2cam6climoLND/StageIC/rest/2022-07-04/I2000Clm50BgcCrop.002runRealtimeClimo_contd4.mosart.rh0.2022-07-04-00000.nc
Staging file /glade/derecho/scratch/ssfcst/cesm2cam6climoLND/StageIC/rest/2022-07-04/g.e21.GIAF_JRA.TL319_g17.ssfcst_03.cice.r.0273-07-04-00000.nc
Creating component namelists
   Calling /glade/u/home/ssfcst/cesm2.1.5/cime/../components/cam//cime_config/buildnml
     ...calling cam buildcpp to set build time options
CAM namelist copy: file1 /glade/work/ssfcst/derecho/cases/cesm2cam6climoLND_2022_07_04/cesm2cam6climoLND_2022-07-04.04/Buildconf/camconf/atm_in file2 /glade/derecho/scratch/ssfcst/cesm2cam6climoLND_2022-07-04.00/run.04/atm_in 
   Calling /glade/u/home/ssfcst/cesm2.1.5/cime/../components/clm//cime_config/buildnml
   Calling /glade/u/home/ssfcst/cesm2.1.5/cime/../components/cice//cime_config/buildnml
     ...buildnml calling cice buildcpp to set build time options
   Calling /glade/u/home/ssfcst/cesm2.1.5/cime/../components/pop//cime_config/buildnml
     ... buildnml: calling pop buildcpp to set build time options
     given is deprecated at /glade/u/home/ssfcst/cesm2.1.5/cime/../components/pop/bld/build-namelist line 2666.
when is deprecated at /glade/u/home/ssfcst/cesm2.1.5/cime/../components/pop/bld/build-namelist line 2667.
when is deprecated at /glade/u/home/ssfcst/cesm2.1.5/cime/../components/pop/bld/build-namelist line 2668.
when is deprecated at /glade/u/home/ssfcst/cesm2.1.5/cime/../components/pop/bld/build-namelist line 2675.
when is deprecated at /glade/u/home/ssfcst/cesm2.1.5/cime/../components/pop/bld/build-namelist line 2676.
when is deprecated at /glade/u/home/ssfcst/cesm2.1.5/cime/../components/pop/bld/build-namelist line 2677.
when is deprecated at /glade/u/home/ssfcst/cesm2.1.5/cime/../components/pop/bld/build-namelist line 2678.
when is deprecated at /glade/u/home/ssfcst/cesm2.1.5/cime/../components/pop/bld/build-namelist line 2679.
when is deprecated at /glade/u/home/ssfcst/cesm2.1.5/cime/../components/pop/bld/build-namelist line 2680.
when is deprecated at /glade/u/home/ssfcst/cesm2.1.5/cime/../components/pop/bld/build-namelist line 2681.
when is deprecated at /glade/u/home/ssfcst/cesm2.1.5/cime/../components/pop/bld/build-namelist line 2682.
when is deprecated at /glade/u/home/ssfcst/cesm2.1.5/cime/../components/pop/bld/build-namelist line 2683.
when is deprecated at /glade/u/home/ssfcst/cesm2.1.5/cime/../components/pop/bld/build-namelist line 2684.
   Calling /glade/u/home/ssfcst/cesm2.1.5/cime/../components/mosart//cime_config/buildnml
   Running /glade/u/home/ssfcst/cesm2.1.5/cime/../components/cism//cime_config/buildnml 
   Calling /glade/u/home/ssfcst/cesm2.1.5/cime/../components/ww3//cime_config/buildnml
   Calling /glade/u/home/ssfcst/cesm2.1.5/cime/src/components/stub_comps/sesp/cime_config/buildnml
   Calling /glade/u/home/ssfcst/cesm2.1.5/cime/src/drivers/mct/cime_config/buildnml
Finished creating component namelists
Checking that inputdata is available as part of case submission
Loading input file list: 'Buildconf/clm.input_data_list'
Loading input file list: 'Buildconf/cpl.input_data_list'
Loading input file list: 'Buildconf/pop.input_data_list'
Loading input file list: 'Buildconf/ww3.input_data_list'
Loading input file list: 'Buildconf/cice.input_data_list'
Loading input file list: 'Buildconf/cism.input_data_list'
Loading input file list: 'Buildconf/mosart.input_data_list'
Loading input file list: 'Buildconf/cam.input_data_list'
 - Prestaging REFCASE (/glade/derecho/scratch/ssfcst/cesm2cam6climoLND/StageIC/rest/2022-07-04) to /glade/derecho/scratch/ssfcst/cesm2cam6climoLND_2022-07-04.00/run.04
Copy rpointer /glade/derecho/scratch/ssfcst/cesm2cam6climoLND/StageIC/rest/2022-07-04/rpointer.glc
Copy rpointer /glade/derecho/scratch/ssfcst/cesm2cam6climoLND/StageIC/rest/2022-07-04/rpointer.drv
Copy rpointer /glade/derecho/scratch/ssfcst/cesm2cam6climoLND/StageIC/rest/2022-07-04/rpointer.ocn.tavg
Copy rpointer /glade/derecho/scratch/ssfcst/cesm2cam6climoLND/StageIC/rest/2022-07-04/rpointer.ice
Copy rpointer /glade/derecho/scratch/ssfcst/cesm2cam6climoLND/StageIC/rest/2022-07-04/rpointer.rof
Copy rpointer /glade/derecho/scratch/ssfcst/cesm2cam6climoLND/StageIC/rest/2022-07-04/rpointer.lnd
Copy rpointer /glade/derecho/scratch/ssfcst/cesm2cam6climoLND/StageIC/rest/2022-07-04/rpointer.ocn.restart
Copy rpointer /glade/derecho/scratch/ssfcst/cesm2cam6climoLND/StageIC/rest/2022-07-04/rpointer.atm
Copy rpointer /glade/derecho/scratch/ssfcst/cesm2cam6climoLND/StageIC/rest/2022-07-04/rpointer.ocn.ovf
 - Prestaging REFCASE (/glade/derecho/scratch/ssfcst/cesm2cam6climoLND/StageIC/rest/2022-07-04) to /glade/derecho/scratch/ssfcst/cesm2cam6climoLND_2022-07-04.00/run.04
Copy rpointer /glade/derecho/scratch/ssfcst/cesm2cam6climoLND/StageIC/rest/2022-07-04/rpointer.glc
Copy rpointer /glade/derecho/scratch/ssfcst/cesm2cam6climoLND/StageIC/rest/2022-07-04/rpointer.drv
Copy rpointer /glade/derecho/scratch/ssfcst/cesm2cam6climoLND/StageIC/rest/2022-07-04/rpointer.ocn.tavg
Copy rpointer /glade/derecho/scratch/ssfcst/cesm2cam6climoLND/StageIC/rest/2022-07-04/rpointer.ice
Copy rpointer /glade/derecho/scratch/ssfcst/cesm2cam6climoLND/StageIC/rest/2022-07-04/rpointer.rof
Copy rpointer /glade/derecho/scratch/ssfcst/cesm2cam6climoLND/StageIC/rest/2022-07-04/rpointer.lnd
Copy rpointer /glade/derecho/scratch/ssfcst/cesm2cam6climoLND/StageIC/rest/2022-07-04/rpointer.ocn.restart
Copy rpointer /glade/derecho/scratch/ssfcst/cesm2cam6climoLND/StageIC/rest/2022-07-04/rpointer.atm
Copy rpointer /glade/derecho/scratch/ssfcst/cesm2cam6climoLND/StageIC/rest/2022-07-04/rpointer.ocn.ovf
Creating component namelists
Finished creating component namelists
Check case OK
submit_jobs case.run
Submit job case.run
Starting job script case.run
Generating namelists for /glade/work/ssfcst/derecho/cases/cesm2cam6climoLND_2022_07_04/cesm2cam6climoLND_2022-07-04.04
 - Prestaging REFCASE (/glade/derecho/scratch/ssfcst/cesm2cam6climoLND/StageIC/rest/2022-07-04) to /glade/derecho/scratch/ssfcst/cesm2cam6climoLND_2022-07-04.00/run.04
Copy rpointer /glade/derecho/scratch/ssfcst/cesm2cam6climoLND/StageIC/rest/2022-07-04/rpointer.glc
Copy rpointer /glade/derecho/scratch/ssfcst/cesm2cam6climoLND/StageIC/rest/2022-07-04/rpointer.drv
Copy rpointer /glade/derecho/scratch/ssfcst/cesm2cam6climoLND/StageIC/rest/2022-07-04/rpointer.ocn.tavg
Copy rpointer /glade/derecho/scratch/ssfcst/cesm2cam6climoLND/StageIC/rest/2022-07-04/rpointer.ice
Copy rpointer /glade/derecho/scratch/ssfcst/cesm2cam6climoLND/StageIC/rest/2022-07-04/rpointer.rof
Copy rpointer /glade/derecho/scratch/ssfcst/cesm2cam6climoLND/StageIC/rest/2022-07-04/rpointer.lnd
Copy rpointer /glade/derecho/scratch/ssfcst/cesm2cam6climoLND/StageIC/rest/2022-07-04/rpointer.ocn.restart
Copy rpointer /glade/derecho/scratch/ssfcst/cesm2cam6climoLND/StageIC/rest/2022-07-04/rpointer.atm
Copy rpointer /glade/derecho/scratch/ssfcst/cesm2cam6climoLND/StageIC/rest/2022-07-04/rpointer.ocn.ovf
Creating component namelists
   Calling /glade/u/home/ssfcst/cesm2.1.5/cime/../components/cam//cime_config/buildnml
     ...calling cam buildcpp to set build time options
CAM namelist copy: file1 /glade/work/ssfcst/derecho/cases/cesm2cam6climoLND_2022_07_04/cesm2cam6climoLND_2022-07-04.04/Buildconf/camconf/atm_in file2 /glade/derecho/scratch/ssfcst/cesm2cam6climoLND_2022-07-04.00/run.04/atm_in 
   Calling /glade/u/home/ssfcst/cesm2.1.5/cime/../components/clm//cime_config/buildnml
   Calling /glade/u/home/ssfcst/cesm2.1.5/cime/../components/cice//cime_config/buildnml
     ...buildnml calling cice buildcpp to set build time options
   Calling /glade/u/home/ssfcst/cesm2.1.5/cime/../components/pop//cime_config/buildnml
     ... buildnml: calling pop buildcpp to set build time options
     given is deprecated at /glade/u/home/ssfcst/cesm2.1.5/cime/../components/pop/bld/build-namelist line 2666.
when is deprecated at /glade/u/home/ssfcst/cesm2.1.5/cime/../components/pop/bld/build-namelist line 2667.
when is deprecated at /glade/u/home/ssfcst/cesm2.1.5/cime/../components/pop/bld/build-namelist line 2668.
when is deprecated at /glade/u/home/ssfcst/cesm2.1.5/cime/../components/pop/bld/build-namelist line 2675.
when is deprecated at /glade/u/home/ssfcst/cesm2.1.5/cime/../components/pop/bld/build-namelist line 2676.
when is deprecated at /glade/u/home/ssfcst/cesm2.1.5/cime/../components/pop/bld/build-namelist line 2677.
when is deprecated at /glade/u/home/ssfcst/cesm2.1.5/cime/../components/pop/bld/build-namelist line 2678.
when is deprecated at /glade/u/home/ssfcst/cesm2.1.5/cime/../components/pop/bld/build-namelist line 2679.
when is deprecated at /glade/u/home/ssfcst/cesm2.1.5/cime/../components/pop/bld/build-namelist line 2680.
when is deprecated at /glade/u/home/ssfcst/cesm2.1.5/cime/../components/pop/bld/build-namelist line 2681.
when is deprecated at /glade/u/home/ssfcst/cesm2.1.5/cime/../components/pop/bld/build-namelist line 2682.
when is deprecated at /glade/u/home/ssfcst/cesm2.1.5/cime/../components/pop/bld/build-namelist line 2683.
when is deprecated at /glade/u/home/ssfcst/cesm2.1.5/cime/../components/pop/bld/build-namelist line 2684.
   Calling /glade/u/home/ssfcst/cesm2.1.5/cime/../components/mosart//cime_config/buildnml
   Running /glade/u/home/ssfcst/cesm2.1.5/cime/../components/cism//cime_config/buildnml 
   Calling /glade/u/home/ssfcst/cesm2.1.5/cime/../components/ww3//cime_config/buildnml
   Calling /glade/u/home/ssfcst/cesm2.1.5/cime/src/components/stub_comps/sesp/cime_config/buildnml
   Calling /glade/u/home/ssfcst/cesm2.1.5/cime/src/drivers/mct/cime_config/buildnml
Finished creating component namelists
-------------------------------------------------------------------------
 - Prestage required restarts into /glade/derecho/scratch/ssfcst/cesm2cam6climoLND_2022-07-04.00/run.04
 - Case input data directory (DIN_LOC_ROOT) is /glade/campaign/cesm/cesmdata/inputdata 
 - Checking for required input datasets in DIN_LOC_ROOT
-------------------------------------------------------------------------
2024-05-25 03:30:07 MODEL EXECUTION BEGINS HERE
run command is mpiexec  --label  --line-buffer  -n 1280 /glade/derecho/scratch/ssfcst/cesm2cam6climoLND_2022-07-04.00/bld/cesm.exe  >> cesm.log.$LID 2>&1  
2024-05-25 03:49:14 MODEL EXECUTION HAS FINISHED
Submitted job case.run with id None
+ wait
+ ecflow_client --complete
+ trap 0
+ exit 0
